生成启动时间为 2015/7/24 22:36:43。
     1>项目“C:\CoreWorking\leetcode projects\Search in Rotated Sorted Array\Search in Rotated Sorted Array\Search in Rotated Sorted Array.vcxproj”在节点 2 上(Build 个目标)。
     1>ClCompile:
         C:\Program Files (x86)\Microsoft Visual Studio 12.0\VC\bin\CL.exe /c /ZI /nologo /W3 /WX- /sdl /Od /Oy- /D WIN32 /D _DEBUG /D _CONSOLE /D _LIB /D _UNICODE /D UNICODE /Gm /EHsc /RTC1 /MDd /GS /fp:precise /Zc:wchar_t /Zc:forScope /Fo"Debug\\" /Fd"Debug\vc120.pdb" /Gd /TP /analyze- /errorReport:prompt main.cpp
         main.cpp
       Link:
         C:\Program Files (x86)\Microsoft Visual Studio 12.0\VC\bin\link.exe /ERRORREPORT:PROMPT /OUT:"C:\CoreWorking\leetcode projects\Search in Rotated Sorted Array\Debug\Search in Rotated Sorted Array.exe" /INCREMENTAL /NOLOGO kernel32.lib user32.lib gdi32.lib winspool.lib comdlg32.lib advapi32.lib shell32.lib ole32.lib oleaut32.lib uuid.lib odbc32.lib odbccp32.lib /MANIFEST /MANIFESTUAC:"level='asInvoker' uiAccess='false'" /manifest:embed /DEBUG /PDB:"C:\CoreWorking\leetcode projects\Search in Rotated Sorted Array\Debug\Search in Rotated Sorted Array.pdb" /SUBSYSTEM:CONSOLE /TLBID:1 /DYNAMICBASE /NXCOMPAT /IMPLIB:"C:\CoreWorking\leetcode projects\Search in Rotated Sorted Array\Debug\Search in Rotated Sorted Array.lib" /MACHINE:X86 Debug\main.obj
     1>MSVCRTD.lib(crtexe.obj) : error LNK2019: 无法解析的外部符号 _main，该符号在函数 ___tmainCRTStartup 中被引用
     1>C:\CoreWorking\leetcode projects\Search in Rotated Sorted Array\Debug\Search in Rotated Sorted Array.exe : fatal error LNK1120: 1 个无法解析的外部命令
     1>已完成生成项目“C:\CoreWorking\leetcode projects\Search in Rotated Sorted Array\Search in Rotated Sorted Array\Search in Rotated Sorted Array.vcxproj”(Build 个目标)的操作 - 失败。

生成失败。

已用时间 00:00:01.59
